
Starting report ITEM_INFO [Tue Mar 03 18:12:23 2020] ...
REP-0110: Unable to open file 'ITEM_INFO.rep'.
REP-1070: Error while opening or saving a document.
REP-0110: Unable to open file 'ITEM_INFO.rep'.
End report ITEM_INFO [Tue Mar 03 18:12:23 2020].

Starting report ITEM_INFO [Tue Mar 03 18:13:27 2020] ...
End report ITEM_INFO [Tue Mar 03 19:27:24 2020].

Starting report RECIEVED [Sun Mar 08 11:07:36 2020] ...
REP-0110: Unable to open file 'RECIEVED.rep'.
REP-1070: Error while opening or saving a document.
REP-0110: Unable to open file 'RECIEVED.rep'.
End report RECIEVED [Sun Mar 08 11:07:36 2020].

Starting report RECIEVED [Sun Mar 08 11:14:31 2020] ...
REP-0110: Unable to open file 'RECIEVED.rep'.
REP-1070: Error while opening or saving a document.
REP-0110: Unable to open file 'RECIEVED.rep'.
End report RECIEVED [Sun Mar 08 11:14:31 2020].

Starting report RECIEVED [Sun Mar 08 11:16:21 2020] ...
End report RECIEVED [Sun Mar 08 11:17:00 2020].

Starting report RECIEVED [Sun Mar 08 12:03:19 2020] ...
End report RECIEVED [Sun Mar 08 12:03:54 2020].

Starting report RECIEVED [Sun Mar 08 12:04:10 2020] ...
End report RECIEVED [Sun Mar 08 12:04:20 2020].

Starting report RECIEVED [Sun Mar 08 12:04:30 2020] ...
REP-3300: Fatal error in the toolkit.
UI-9: This function call is out of context.
End report RECIEVED [Sun Mar 08 12:11:36 2020].

Starting report RECIEVED [Sun Mar 08 16:37:03 2020] ...
End report RECIEVED [Sun Mar 08 16:38:57 2020].

Starting report RECIEVED [Wed Mar 11 18:47:52 2020] ...
End report RECIEVED [Wed Mar 11 18:50:33 2020].
